<?xml version="1.0" encoding="utf-8"?><testsuites name="pytest tests"><testsuite name="pytest" errors="0" failures="0" skipped="0" tests="6" time="2.044" timestamp="2026-08-19T11:49:21.851388+00:00" hostname="agent-env-6a4c3f91-34e1-4ebd-bd91-42f0cca49781"><testcase classname="tests.test_slides.TestPlansEndpoint" name="test_plans_returns_200" time="0.315" /><testcase classname="tests.test_slides.TestSlideDownloads" name="test_slide1_downloads_correctly" time="0.375" /><testcase classname="tests.test_slides.TestSlideDownloads" name="test_slide4_en_downloads_correctly" time="0.354" /><testcase classname="tests.test_slides.TestSlideDownloads" name="test_slide5_de_downloads_correctly" time="0.390" /><testcase classname="tests.test_slides.TestSlideDownloads" name="test_slide5_en_downloads_correctly" time="0.333" /><testcase classname="tests.test_slides.TestSlideDownloads" name="test_slide5_en_left_edge_not_uniform_blue" time="0.226" /></testsuite></testsuites>