<?xml version="1.0" encoding="utf-8"?><testsuites name="pytest tests"><testsuite name="pytest" errors="0" failures="1" skipped="0" tests="6" time="1.625" timestamp="2026-08-19T13:55:38.729735+00:00" hostname="agent-env-6a4c3f91-34e1-4ebd-bd91-42f0cca49781"><testcase classname="tests.test_premium_user.TestPodBackend" name="test_pod_user_init_returns_premium" time="0.400" /><testcase classname="tests.test_premium_user.TestHetznerBackend" name="test_hetzner_health" time="0.477" /><testcase classname="tests.test_premium_user.TestPodBackend" name="test_pod_get_user_premium_and_lifetime" time="0.151" /><testcase classname="tests.test_premium_user.TestHetznerBackend" name="test_hetzner_user_init_returns_premium" time="0.410" /><testcase classname="tests.test_premium_user.TestEnvConfig" name="test_frontend_env_has_correct_backend_url" time="0.001"><failure message="AssertionError: EXPO_PUBLIC_BACKEND_URL should point to cleanu.kenanplayer.com but got: EXPO_PUBLIC_BACKEND_URL=https://spotless-31.preview.emergentagent.com&#10;assert 'cleanu.kenanplayer.com' in 'EXPO_PUBLIC_BACKEND_URL=https://spotless-31.preview.emergentagent.com'">backend/tests/test_premium_user.py:111: in test_frontend_env_has_correct_backend_url
    assert "cleanu.kenanplayer.com" in line, (
E   AssertionError: EXPO_PUBLIC_BACKEND_URL should point to cleanu.kenanplayer.com but got: EXPO_PUBLIC_BACKEND_URL=https://spotless-31.preview.emergentagent.com
E   assert 'cleanu.kenanplayer.com' in 'EXPO_PUBLIC_BACKEND_URL=https://spotless-31.preview.emergentagent.com'</failure></testcase><testcase classname="tests.test_premium_user.TestHetznerBackend" name="test_hetzner_get_user_premium_and_lifetime" time="0.415" /></testsuite></testsuites>